INFO 2017-04-29 21:52:13,655 driver 4460 140130401916672 Generating grammar tables from /usr/lib/python2.7/lib2to3/Grammar.txt
INFO 2017-04-29 21:52:13,683 driver 4460 140130401916672 Generating grammar tables from /usr/lib/python2.7/lib2to3/PatternGrammar.txt
INFO 2017-04-29 21:52:14,297 driver 4466 140085555971840 Generating grammar tables from /usr/lib/python2.7/lib2to3/Grammar.txt
INFO 2017-04-29 21:52:14,346 driver 4466 140085555971840 Generating grammar tables from /usr/lib/python2.7/lib2to3/PatternGrammar.txt
INFO 2017-04-29 21:53:38,660 driver 4646 140636542236416 Generating grammar tables from /usr/lib/python2.7/lib2to3/Grammar.txt
INFO 2017-04-29 21:53:38,763 driver 4646 140636542236416 Generating grammar tables from /usr/lib/python2.7/lib2to3/PatternGrammar.txt
INFO 2017-04-29 21:53:40,147 driver 4654 139910697461504 Generating grammar tables from /usr/lib/python2.7/lib2to3/Grammar.txt
INFO 2017-04-29 21:53:40,244 driver 4654 139910697461504 Generating grammar tables from /usr/lib/python2.7/lib2to3/PatternGrammar.txt
INFO 2017-04-29 21:55:18,907 driver 4961 140006336239360 Generating grammar tables from /usr/lib/python2.7/lib2to3/Grammar.txt
INFO 2017-04-29 21:55:19,002 driver 4961 140006336239360 Generating grammar tables from /usr/lib/python2.7/lib2to3/PatternGrammar.txt
INFO 2017-04-29 21:55:20,242 driver 4968 140577104639744 Generating grammar tables from /usr/lib/python2.7/lib2to3/Grammar.txt
INFO 2017-04-29 21:55:20,340 driver 4968 140577104639744 Generating grammar tables from /usr/lib/python2.7/lib2to3/PatternGrammar.txt
INFO 2017-04-29 21:56:28,941 driver 5124 140692616423168 Generating grammar tables from /usr/lib/python2.7/lib2to3/Grammar.txt
INFO 2017-04-29 21:56:29,046 driver 5124 140692616423168 Generating grammar tables from /usr/lib/python2.7/lib2to3/PatternGrammar.txt
INFO 2017-04-29 21:56:30,399 driver 5130 140367441471232 Generating grammar tables from /usr/lib/python2.7/lib2to3/Grammar.txt
INFO 2017-04-29 21:56:30,498 driver 5130 140367441471232 Generating grammar tables from /usr/lib/python2.7/lib2to3/PatternGrammar.txt
INFO 2017-04-29 21:57:15,024 driver 5189 140342979471104 Generating grammar tables from /usr/lib/python2.7/lib2to3/Grammar.txt
INFO 2017-04-29 21:57:15,125 driver 5189 140342979471104 Generating grammar tables from /usr/lib/python2.7/lib2to3/PatternGrammar.txt
INFO 2017-04-29 21:57:16,650 driver 5195 140536978073344 Generating grammar tables from /usr/lib/python2.7/lib2to3/Grammar.txt
INFO 2017-04-29 21:57:16,751 driver 5195 140536978073344 Generating grammar tables from /usr/lib/python2.7/lib2to3/PatternGrammar.txt
INFO 2017-04-29 21:58:28,255 driver 5255 140136369538816 Generating grammar tables from /usr/lib/python2.7/lib2to3/Grammar.txt
INFO 2017-04-29 21:58:28,362 driver 5255 140136369538816 Generating grammar tables from /usr/lib/python2.7/lib2to3/PatternGrammar.txt
INFO 2017-04-29 21:58:29,673 driver 5261 139874297931520 Generating grammar tables from /usr/lib/python2.7/lib2to3/Grammar.txt
INFO 2017-04-29 21:58:29,772 driver 5261 139874297931520 Generating grammar tables from /usr/lib/python2.7/lib2to3/PatternGrammar.txt
INFO 2017-04-29 21:59:53,266 driver 5357 139811468003072 Generating grammar tables from /usr/lib/python2.7/lib2to3/Grammar.txt
INFO 2017-04-29 21:59:53,368 driver 5357 139811468003072 Generating grammar tables from /usr/lib/python2.7/lib2to3/PatternGrammar.txt
INFO 2017-04-29 21:59:54,789 driver 5363 140268963002112 Generating grammar tables from /usr/lib/python2.7/lib2to3/Grammar.txt
INFO 2017-04-29 21:59:54,891 driver 5363 140268963002112 Generating grammar tables from /usr/lib/python2.7/lib2to3/PatternGrammar.txt
INFO 2017-04-29 22:00:43,128 driver 5496 139957792659200 Generating grammar tables from /usr/lib/python2.7/lib2to3/Grammar.txt
INFO 2017-04-29 22:00:43,224 driver 5496 139957792659200 Generating grammar tables from /usr/lib/python2.7/lib2to3/PatternGrammar.txt
INFO 2017-04-29 22:00:44,600 driver 5502 139759526045440 Generating grammar tables from /usr/lib/python2.7/lib2to3/Grammar.txt
INFO 2017-04-29 22:00:44,697 driver 5502 139759526045440 Generating grammar tables from /usr/lib/python2.7/lib2to3/PatternGrammar.txt
INFO 2017-04-29 22:02:30,682 driver 5676 140177352828672 Generating grammar tables from /usr/lib/python2.7/lib2to3/Grammar.txt
INFO 2017-04-29 22:02:30,777 driver 5676 140177352828672 Generating grammar tables from /usr/lib/python2.7/lib2to3/PatternGrammar.txt
INFO 2017-04-29 22:02:32,081 driver 5682 140035783939840 Generating grammar tables from /usr/lib/python2.7/lib2to3/Grammar.txt
INFO 2017-04-29 22:02:32,184 driver 5682 140035783939840 Generating grammar tables from /usr/lib/python2.7/lib2to3/PatternGrammar.txt
INFO 2017-04-29 22:04:15,427 driver 5865 139628873975552 Generating grammar tables from /usr/lib/python2.7/lib2to3/Grammar.txt
INFO 2017-04-29 22:04:15,536 driver 5865 139628873975552 Generating grammar tables from /usr/lib/python2.7/lib2to3/PatternGrammar.txt
INFO 2017-04-29 22:04:16,837 driver 5871 140524756166400 Generating grammar tables from /usr/lib/python2.7/lib2to3/Grammar.txt
INFO 2017-04-29 22:04:16,934 driver 5871 140524756166400 Generating grammar tables from /usr/lib/python2.7/lib2to3/PatternGrammar.txt
INFO 2017-04-29 22:04:36,823 driver 5903 139871606642432 Generating grammar tables from /usr/lib/python2.7/lib2to3/Grammar.txt
INFO 2017-04-29 22:04:36,924 driver 5903 139871606642432 Generating grammar tables from /usr/lib/python2.7/lib2to3/PatternGrammar.txt
INFO 2017-04-29 22:04:38,423 driver 5909 140624633239296 Generating grammar tables from /usr/lib/python2.7/lib2to3/Grammar.txt
INFO 2017-04-29 22:04:38,525 driver 5909 140624633239296 Generating grammar tables from /usr/lib/python2.7/lib2to3/PatternGrammar.txt
INFO 2017-04-29 22:08:27,157 driver 6081 140065293182720 Generating grammar tables from /usr/lib/python2.7/lib2to3/Grammar.txt
INFO 2017-04-29 22:08:27,273 driver 6081 140065293182720 Generating grammar tables from /usr/lib/python2.7/lib2to3/PatternGrammar.txt
INFO 2017-04-29 22:08:28,591 driver 6088 140358039447296 Generating grammar tables from /usr/lib/python2.7/lib2to3/Grammar.txt
INFO 2017-04-29 22:08:28,691 driver 6088 140358039447296 Generating grammar tables from /usr/lib/python2.7/lib2to3/PatternGrammar.txt
INFO 2017-04-29 22:24:44,257 driver 7356 139743159101184 Generating grammar tables from /usr/lib/python2.7/lib2to3/Grammar.txt
INFO 2017-04-29 22:24:44,292 driver 7356 139743159101184 Generating grammar tables from /usr/lib/python2.7/lib2to3/PatternGrammar.txt
INFO 2017-04-29 22:24:44,718 driver 7362 140346654095104 Generating grammar tables from /usr/lib/python2.7/lib2to3/Grammar.txt
INFO 2017-04-29 22:24:44,747 driver 7362 140346654095104 Generating grammar tables from /usr/lib/python2.7/lib2to3/PatternGrammar.txt
INFO 2017-04-29 22:47:17,991 driver 8218 140339532678912 Generating grammar tables from /usr/lib/python2.7/lib2to3/Grammar.txt
INFO 2017-04-29 22:47:18,041 driver 8218 140339532678912 Generating grammar tables from /usr/lib/python2.7/lib2to3/PatternGrammar.txt
INFO 2017-04-29 22:47:18,533 driver 8224 140357340681984 Generating grammar tables from /usr/lib/python2.7/lib2to3/Grammar.txt
INFO 2017-04-29 22:47:18,581 driver 8224 140357340681984 Generating grammar tables from /usr/lib/python2.7/lib2to3/PatternGrammar.txt
ERROR 2017-04-29 22:47:31,234 base 6088 140355862001408 Internal Server Error: /manati_project/manati_ui/analysis_session/create
Traceback (most recent call last):
  File "/home/david/vmanati/lib/python2.7/site-packages/django/core/handlers/base.py", line 149, in get_response
    response = self.process_exception_by_middleware(e, request)
  File "/home/david/vmanati/lib/python2.7/site-packages/django/core/handlers/base.py", line 147, in get_response
    response = wrapped_callback(request, *callback_args, **callback_kwargs)
  File "/home/david/vmanati/lib/python2.7/site-packages/django/contrib/auth/decorators.py", line 23, in _wrapped_view
    return view_func(request, *args, **kwargs)
  File "/home/david/vmanati/lib/python2.7/site-packages/django/views/decorators/csrf.py", line 58, in wrapped_view
    return view_func(*args, **kwargs)
  File "/home/david/project_manatifork/manati_ui/views.py", line 79, in create_analysis_session
    print type_file
IOError: [Errno 32] Broken pipe
INFO 2017-04-30 09:19:04,328 driver 3442 140288859178752 Generating grammar tables from /usr/lib/python2.7/lib2to3/Grammar.txt
INFO 2017-04-30 09:19:04,379 driver 3442 140288859178752 Generating grammar tables from /usr/lib/python2.7/lib2to3/PatternGrammar.txt
INFO 2017-04-30 09:19:04,795 driver 3449 140684286002944 Generating grammar tables from /usr/lib/python2.7/lib2to3/Grammar.txt
INFO 2017-04-30 09:19:04,831 driver 3449 140684286002944 Generating grammar tables from /usr/lib/python2.7/lib2to3/PatternGrammar.txt
INFO 2017-04-30 09:44:09,850 driver 7078 139621118760704 Generating grammar tables from /usr/lib/python2.7/lib2to3/Grammar.txt
INFO 2017-04-30 09:44:09,879 driver 7078 139621118760704 Generating grammar tables from /usr/lib/python2.7/lib2to3/PatternGrammar.txt
INFO 2017-04-30 09:44:10,210 driver 7081 140718065358592 Generating grammar tables from /usr/lib/python2.7/lib2to3/Grammar.txt
INFO 2017-04-30 09:44:10,237 driver 7081 140718065358592 Generating grammar tables from /usr/lib/python2.7/lib2to3/PatternGrammar.txt
INFO 2017-04-30 09:44:32,367 driver 7141 140215939049216 Generating grammar tables from /usr/lib/python2.7/lib2to3/Grammar.txt
INFO 2017-04-30 09:44:32,396 driver 7141 140215939049216 Generating grammar tables from /usr/lib/python2.7/lib2to3/PatternGrammar.txt
INFO 2017-04-30 09:44:32,717 driver 7144 140011376162560 Generating grammar tables from /usr/lib/python2.7/lib2to3/Grammar.txt
INFO 2017-04-30 09:44:32,744 driver 7144 140011376162560 Generating grammar tables from /usr/lib/python2.7/lib2to3/PatternGrammar.txt
INFO 2017-04-30 09:49:15,421 driver 7696 140436607452928 Generating grammar tables from /usr/lib/python2.7/lib2to3/Grammar.txt
INFO 2017-04-30 09:49:15,450 driver 7696 140436607452928 Generating grammar tables from /usr/lib/python2.7/lib2to3/PatternGrammar.txt
INFO 2017-04-30 09:49:15,788 driver 7699 140191254562560 Generating grammar tables from /usr/lib/python2.7/lib2to3/Grammar.txt
INFO 2017-04-30 09:49:15,815 driver 7699 140191254562560 Generating grammar tables from /usr/lib/python2.7/lib2to3/PatternGrammar.txt
INFO 2017-04-30 10:25:59,533 driver 29742 140058860218112 Generating grammar tables from /usr/lib/python2.7/lib2to3/Grammar.txt
INFO 2017-04-30 10:25:59,561 driver 29742 140058860218112 Generating grammar tables from /usr/lib/python2.7/lib2to3/PatternGrammar.txt
INFO 2017-04-30 10:25:59,969 driver 29745 140417957340928 Generating grammar tables from /usr/lib/python2.7/lib2to3/Grammar.txt
INFO 2017-04-30 10:26:00,004 driver 29745 140417957340928 Generating grammar tables from /usr/lib/python2.7/lib2to3/PatternGrammar.txt
INFO 2017-04-30 11:36:25,176 driver 3931 140384533894912 Generating grammar tables from /usr/lib/python2.7/lib2to3/Grammar.txt
INFO 2017-04-30 11:36:25,204 driver 3931 140384533894912 Generating grammar tables from /usr/lib/python2.7/lib2to3/PatternGrammar.txt
INFO 2017-04-30 11:36:25,525 driver 3943 140492556379904 Generating grammar tables from /usr/lib/python2.7/lib2to3/Grammar.txt
INFO 2017-04-30 11:36:25,553 driver 3943 140492556379904 Generating grammar tables from /usr/lib/python2.7/lib2to3/PatternGrammar.txt
INFO 2017-04-30 13:34:26,195 driver 10574 139838982203136 Generating grammar tables from /usr/lib/python2.7/lib2to3/Grammar.txt
INFO 2017-04-30 13:34:26,224 driver 10574 139838982203136 Generating grammar tables from /usr/lib/python2.7/lib2to3/PatternGrammar.txt
INFO 2017-04-30 13:34:26,677 driver 10577 139814558856960 Generating grammar tables from /usr/lib/python2.7/lib2to3/Grammar.txt
INFO 2017-04-30 13:34:26,713 driver 10577 139814558856960 Generating grammar tables from /usr/lib/python2.7/lib2to3/PatternGrammar.txt
INFO 2017-04-30 13:34:38,599 driver 10699 139893756409600 Generating grammar tables from /usr/lib/python2.7/lib2to3/Grammar.txt
INFO 2017-04-30 13:34:38,644 driver 10699 139893756409600 Generating grammar tables from /usr/lib/python2.7/lib2to3/PatternGrammar.txt
INFO 2017-04-30 13:34:39,268 driver 10702 140349004072704 Generating grammar tables from /usr/lib/python2.7/lib2to3/Grammar.txt
INFO 2017-04-30 13:34:39,347 driver 10702 140349004072704 Generating grammar tables from /usr/lib/python2.7/lib2to3/PatternGrammar.txt
INFO 2017-05-04 10:41:29,445 driver 2744 140141745968896 Generating grammar tables from /usr/lib/python2.7/lib2to3/Grammar.txt
INFO 2017-05-04 10:41:29,494 driver 2744 140141745968896 Generating grammar tables from /usr/lib/python2.7/lib2to3/PatternGrammar.txt
INFO 2017-05-04 10:41:30,475 driver 2748 139879814190848 Generating grammar tables from /usr/lib/python2.7/lib2to3/Grammar.txt
INFO 2017-05-04 10:41:30,529 driver 2748 139879814190848 Generating grammar tables from /usr/lib/python2.7/lib2to3/PatternGrammar.txt
INFO 2017-05-04 10:45:36,057 driver 4046 139666102982400 Generating grammar tables from /usr/lib/python2.7/lib2to3/Grammar.txt
INFO 2017-05-04 10:45:36,085 driver 4046 139666102982400 Generating grammar tables from /usr/lib/python2.7/lib2to3/PatternGrammar.txt
INFO 2017-05-04 10:45:36,424 driver 4049 140614950012672 Generating grammar tables from /usr/lib/python2.7/lib2to3/Grammar.txt
INFO 2017-05-04 10:45:36,453 driver 4049 140614950012672 Generating grammar tables from /usr/lib/python2.7/lib2to3/PatternGrammar.txt
INFO 2017-05-04 14:06:43,508 driver 17268 139902178391808 Generating grammar tables from /usr/lib/python2.7/lib2to3/Grammar.txt
INFO 2017-05-04 14:06:43,553 driver 17268 139902178391808 Generating grammar tables from /usr/lib/python2.7/lib2to3/PatternGrammar.txt
INFO 2017-05-04 14:06:44,403 driver 17271 140695012845312 Generating grammar tables from /usr/lib/python2.7/lib2to3/Grammar.txt
INFO 2017-05-04 14:06:44,483 driver 17271 140695012845312 Generating grammar tables from /usr/lib/python2.7/lib2to3/PatternGrammar.txt
INFO 2017-05-04 14:40:34,907 driver 19794 139768864737024 Generating grammar tables from /usr/lib/python2.7/lib2to3/Grammar.txt
INFO 2017-05-04 14:40:34,936 driver 19794 139768864737024 Generating grammar tables from /usr/lib/python2.7/lib2to3/PatternGrammar.txt
INFO 2017-05-04 14:40:35,285 driver 19797 140562757818112 Generating grammar tables from /usr/lib/python2.7/lib2to3/Grammar.txt
INFO 2017-05-04 14:40:35,314 driver 19797 140562757818112 Generating grammar tables from /usr/lib/python2.7/lib2to3/PatternGrammar.txt
INFO 2017-05-04 14:42:35,457 driver 20005 139955311646464 Generating grammar tables from /usr/lib/python2.7/lib2to3/Grammar.txt
INFO 2017-05-04 14:42:35,487 driver 20005 139955311646464 Generating grammar tables from /usr/lib/python2.7/lib2to3/PatternGrammar.txt
INFO 2017-05-04 14:42:35,913 driver 20008 140132291819264 Generating grammar tables from /usr/lib/python2.7/lib2to3/Grammar.txt
INFO 2017-05-04 14:42:35,952 driver 20008 140132291819264 Generating grammar tables from /usr/lib/python2.7/lib2to3/PatternGrammar.txt
INFO 2017-05-05 01:15:57,218 driver 15850 140330168268544 Generating grammar tables from /usr/lib/python2.7/lib2to3/Grammar.txt
INFO 2017-05-05 01:15:57,264 driver 15850 140330168268544 Generating grammar tables from /usr/lib/python2.7/lib2to3/PatternGrammar.txt
INFO 2017-05-05 01:15:57,704 driver 15855 140397908416256 Generating grammar tables from /usr/lib/python2.7/lib2to3/Grammar.txt
INFO 2017-05-05 01:15:57,735 driver 15855 140397908416256 Generating grammar tables from /usr/lib/python2.7/lib2to3/PatternGrammar.txt
INFO 2017-05-05 01:31:55,961 driver 17609 139657382213376 Generating grammar tables from /usr/lib/python2.7/lib2to3/Grammar.txt
INFO 2017-05-05 01:31:55,992 driver 17609 139657382213376 Generating grammar tables from /usr/lib/python2.7/lib2to3/PatternGrammar.txt
INFO 2017-05-05 01:32:06,108 driver 17625 140710563092224 Generating grammar tables from /usr/lib/python2.7/lib2to3/Grammar.txt
INFO 2017-05-05 01:32:06,147 driver 17625 140710563092224 Generating grammar tables from /usr/lib/python2.7/lib2to3/PatternGrammar.txt
INFO 2017-05-05 01:32:06,561 driver 17628 140481060308736 Generating grammar tables from /usr/lib/python2.7/lib2to3/Grammar.txt
INFO 2017-05-05 01:32:06,597 driver 17628 140481060308736 Generating grammar tables from /usr/lib/python2.7/lib2to3/PatternGrammar.txt
INFO 2017-05-07 19:45:07,790 driver 14699 140423574107904 Generating grammar tables from /usr/lib/python2.7/lib2to3/Grammar.txt
INFO 2017-05-07 19:45:07,838 driver 14699 140423574107904 Generating grammar tables from /usr/lib/python2.7/lib2to3/PatternGrammar.txt
INFO 2017-05-07 19:45:08,280 driver 14706 140292996671232 Generating grammar tables from /usr/lib/python2.7/lib2to3/Grammar.txt
INFO 2017-05-07 19:45:08,309 driver 14706 140292996671232 Generating grammar tables from /usr/lib/python2.7/lib2to3/PatternGrammar.txt
INFO 2017-05-09 15:45:50,901 driver 17154 140341013673728 Generating grammar tables from /usr/lib/python2.7/lib2to3/Grammar.txt
INFO 2017-05-09 15:45:50,965 driver 17154 140341013673728 Generating grammar tables from /usr/lib/python2.7/lib2to3/PatternGrammar.txt
INFO 2017-05-09 15:45:51,881 driver 17157 140718237300480 Generating grammar tables from /usr/lib/python2.7/lib2to3/Grammar.txt
INFO 2017-05-09 15:45:51,929 driver 17157 140718237300480 Generating grammar tables from /usr/lib/python2.7/lib2to3/PatternGrammar.txt
INFO 2017-05-09 22:30:00,029 driver 18838 140401622779648 Generating grammar tables from /usr/lib/python2.7/lib2to3/Grammar.txt
INFO 2017-05-09 22:30:00,154 driver 18838 140401622779648 Generating grammar tables from /usr/lib/python2.7/lib2to3/PatternGrammar.txt
INFO 2017-05-09 22:30:02,123 driver 18841 139822466430720 Generating grammar tables from /usr/lib/python2.7/lib2to3/Grammar.txt
INFO 2017-05-09 22:30:02,225 driver 18841 139822466430720 Generating grammar tables from /usr/lib/python2.7/lib2to3/PatternGrammar.txt
INFO 2017-05-09 22:30:19,366 driver 18861 140328351442688 Generating grammar tables from /usr/lib/python2.7/lib2to3/Grammar.txt
INFO 2017-05-09 22:30:19,574 driver 18861 140328351442688 Generating grammar tables from /usr/lib/python2.7/lib2to3/PatternGrammar.txt
INFO 2017-05-09 22:30:21,163 driver 18864 139998951139072 Generating grammar tables from /usr/lib/python2.7/lib2to3/Grammar.txt
INFO 2017-05-09 22:30:21,233 driver 18864 139998951139072 Generating grammar tables from /usr/lib/python2.7/lib2to3/PatternGrammar.txt
INFO 2017-05-11 11:06:28,838 driver 22229 139878562420480 Generating grammar tables from /usr/lib/python2.7/lib2to3/Grammar.txt
INFO 2017-05-11 11:06:28,879 driver 22229 139878562420480 Generating grammar tables from /usr/lib/python2.7/lib2to3/PatternGrammar.txt
INFO 2017-05-11 11:06:29,284 driver 22232 140557403027200 Generating grammar tables from /usr/lib/python2.7/lib2to3/Grammar.txt
INFO 2017-05-11 11:06:29,313 driver 22232 140557403027200 Generating grammar tables from /usr/lib/python2.7/lib2to3/PatternGrammar.txt
INFO 2017-05-11 12:36:02,596 driver 5865 140485186815744 Generating grammar tables from /usr/lib/python2.7/lib2to3/Grammar.txt
INFO 2017-05-11 12:36:02,627 driver 5865 140485186815744 Generating grammar tables from /usr/lib/python2.7/lib2to3/PatternGrammar.txt
INFO 2017-05-11 12:36:03,249 driver 5870 139981103945472 Generating grammar tables from /usr/lib/python2.7/lib2to3/Grammar.txt
INFO 2017-05-11 12:36:03,297 driver 5870 139981103945472 Generating grammar tables from /usr/lib/python2.7/lib2to3/PatternGrammar.txt
INFO 2017-05-12 11:33:59,080 driver 4569 140538761180928 Generating grammar tables from /usr/lib/python2.7/lib2to3/Grammar.txt
INFO 2017-05-12 11:33:59,127 driver 4569 140538761180928 Generating grammar tables from /usr/lib/python2.7/lib2to3/PatternGrammar.txt
INFO 2017-05-12 11:33:59,819 driver 4591 140443939698432 Generating grammar tables from /usr/lib/python2.7/lib2to3/Grammar.txt
INFO 2017-05-12 11:33:59,874 driver 4591 140443939698432 Generating grammar tables from /usr/lib/python2.7/lib2to3/PatternGrammar.txt
INFO 2017-05-16 10:27:23,928 driver 13883 140078928058112 Generating grammar tables from /usr/lib/python2.7/lib2to3/Grammar.txt
INFO 2017-05-16 10:27:24,060 driver 13883 140078928058112 Generating grammar tables from /usr/lib/python2.7/lib2to3/PatternGrammar.txt
INFO 2017-05-16 10:27:25,314 driver 13886 140014931220224 Generating grammar tables from /usr/lib/python2.7/lib2to3/Grammar.txt
INFO 2017-05-16 10:27:25,430 driver 13886 140014931220224 Generating grammar tables from /usr/lib/python2.7/lib2to3/PatternGrammar.txt
INFO 2017-05-18 08:15:32,300 driver 7080 140104606803712 Generating grammar tables from /usr/lib/python2.7/lib2to3/Grammar.txt
INFO 2017-05-18 08:15:32,357 driver 7080 140104606803712 Generating grammar tables from /usr/lib/python2.7/lib2to3/PatternGrammar.txt
INFO 2017-05-18 08:15:33,262 driver 7089 140281640982272 Generating grammar tables from /usr/lib/python2.7/lib2to3/Grammar.txt
INFO 2017-05-18 08:15:33,321 driver 7089 140281640982272 Generating grammar tables from /usr/lib/python2.7/lib2to3/PatternGrammar.txt
INFO 2017-05-18 16:37:56,985 driver 31101 140060112201472 Generating grammar tables from /usr/lib/python2.7/lib2to3/Grammar.txt
INFO 2017-05-18 16:37:57,017 driver 31101 140060112201472 Generating grammar tables from /usr/lib/python2.7/lib2to3/PatternGrammar.txt
INFO 2017-05-18 16:37:57,414 driver 31104 139746932721408 Generating grammar tables from /usr/lib/python2.7/lib2to3/Grammar.txt
INFO 2017-05-18 16:37:57,444 driver 31104 139746932721408 Generating grammar tables from /usr/lib/python2.7/lib2to3/PatternGrammar.txt
INFO 2017-05-18 16:38:04,540 driver 31117 140233767032576 Generating grammar tables from /usr/lib/python2.7/lib2to3/Grammar.txt
INFO 2017-05-18 16:38:04,570 driver 31117 140233767032576 Generating grammar tables from /usr/lib/python2.7/lib2to3/PatternGrammar.txt
INFO 2017-05-18 16:38:04,994 driver 31120 139630721742592 Generating grammar tables from /usr/lib/python2.7/lib2to3/Grammar.txt
INFO 2017-05-18 16:38:05,023 driver 31120 139630721742592 Generating grammar tables from /usr/lib/python2.7/lib2to3/PatternGrammar.txt
INFO 2017-05-18 16:38:48,347 driver 31199 140215269517056 Generating grammar tables from /usr/lib/python2.7/lib2to3/Grammar.txt
INFO 2017-05-18 16:38:48,377 driver 31199 140215269517056 Generating grammar tables from /usr/lib/python2.7/lib2to3/PatternGrammar.txt
INFO 2017-05-18 16:38:48,790 driver 31202 140438080067328 Generating grammar tables from /usr/lib/python2.7/lib2to3/Grammar.txt
INFO 2017-05-18 16:38:48,819 driver 31202 140438080067328 Generating grammar tables from /usr/lib/python2.7/lib2to3/PatternGrammar.txt
INFO 2017-05-30 11:27:27,458 driver 5878 140309998200576 Generating grammar tables from /usr/lib/python2.7/lib2to3/Grammar.txt
INFO 2017-05-30 11:27:27,486 driver 5878 140309998200576 Generating grammar tables from /usr/lib/python2.7/lib2to3/PatternGrammar.txt
INFO 2017-05-30 11:27:27,842 driver 5882 139677225056000 Generating grammar tables from /usr/lib/python2.7/lib2to3/Grammar.txt
INFO 2017-05-30 11:27:27,870 driver 5882 139677225056000 Generating grammar tables from /usr/lib/python2.7/lib2to3/PatternGrammar.txt
INFO 2017-05-30 11:27:33,564 driver 5912 139931812738816 Generating grammar tables from /usr/lib/python2.7/lib2to3/Grammar.txt
INFO 2017-05-30 11:27:33,591 driver 5912 139931812738816 Generating grammar tables from /usr/lib/python2.7/lib2to3/PatternGrammar.txt
INFO 2017-05-30 11:27:33,907 driver 5915 140630367913728 Generating grammar tables from /usr/lib/python2.7/lib2to3/Grammar.txt
INFO 2017-05-30 11:27:33,934 driver 5915 140630367913728 Generating grammar tables from /usr/lib/python2.7/lib2to3/PatternGrammar.txt
INFO 2017-06-02 09:57:59,160 driver 13564 140325078882048 Generating grammar tables from /usr/lib/python2.7/lib2to3/Grammar.txt
INFO 2017-06-02 09:57:59,218 driver 13564 140325078882048 Generating grammar tables from /usr/lib/python2.7/lib2to3/PatternGrammar.txt
INFO 2017-06-02 09:57:59,676 driver 13570 140240842540800 Generating grammar tables from /usr/lib/python2.7/lib2to3/Grammar.txt
INFO 2017-06-02 09:57:59,707 driver 13570 140240842540800 Generating grammar tables from /usr/lib/python2.7/lib2to3/PatternGrammar.txt
INFO 2017-06-02 21:19:54,822 driver 3087 140097132795648 Generating grammar tables from /usr/lib/python2.7/lib2to3/Grammar.txt
INFO 2017-06-02 21:19:54,876 driver 3087 140097132795648 Generating grammar tables from /usr/lib/python2.7/lib2to3/PatternGrammar.txt
INFO 2017-06-02 21:19:55,721 driver 3092 140586891667200 Generating grammar tables from /usr/lib/python2.7/lib2to3/Grammar.txt
INFO 2017-06-02 21:19:55,793 driver 3092 140586891667200 Generating grammar tables from /usr/lib/python2.7/lib2to3/PatternGrammar.txt
INFO 2017-06-05 14:19:14,673 driver 12395 139626617419520 Generating grammar tables from /usr/lib/python2.7/lib2to3/Grammar.txt
INFO 2017-06-05 14:19:14,734 driver 12395 139626617419520 Generating grammar tables from /usr/lib/python2.7/lib2to3/PatternGrammar.txt
INFO 2017-06-05 14:19:15,163 driver 12401 139661044414208 Generating grammar tables from /usr/lib/python2.7/lib2to3/Grammar.txt
INFO 2017-06-05 14:19:15,191 driver 12401 139661044414208 Generating grammar tables from /usr/lib/python2.7/lib2to3/PatternGrammar.txt
INFO 2017-06-05 20:45:07,551 driver 2593 140416338274048 Generating grammar tables from /usr/lib/python2.7/lib2to3/Grammar.txt
INFO 2017-06-05 20:45:07,589 driver 2593 140416338274048 Generating grammar tables from /usr/lib/python2.7/lib2to3/PatternGrammar.txt
INFO 2017-06-05 20:45:08,140 driver 2602 140407437920000 Generating grammar tables from /usr/lib/python2.7/lib2to3/Grammar.txt
INFO 2017-06-05 20:45:08,196 driver 2602 140407437920000 Generating grammar tables from /usr/lib/python2.7/lib2to3/PatternGrammar.txt
INFO 2017-06-06 07:58:54,731 driver 8882 140330927273728 Generating grammar tables from /usr/lib/python2.7/lib2to3/Grammar.txt
INFO 2017-06-06 07:58:54,778 driver 8882 140330927273728 Generating grammar tables from /usr/lib/python2.7/lib2to3/PatternGrammar.txt
INFO 2017-06-06 07:58:55,177 driver 8886 140335431485184 Generating grammar tables from /usr/lib/python2.7/lib2to3/Grammar.txt
INFO 2017-06-06 07:58:55,218 driver 8886 140335431485184 Generating grammar tables from /usr/lib/python2.7/lib2to3/PatternGrammar.txt
INFO 2017-06-08 12:13:37,187 driver 5301 139961080280832 Generating grammar tables from /usr/lib/python2.7/lib2to3/Grammar.txt
INFO 2017-06-08 12:13:37,251 driver 5301 139961080280832 Generating grammar tables from /usr/lib/python2.7/lib2to3/PatternGrammar.txt
INFO 2017-06-08 12:13:37,772 driver 5306 140324202964736 Generating grammar tables from /usr/lib/python2.7/lib2to3/Grammar.txt
INFO 2017-06-08 12:13:37,800 driver 5306 140324202964736 Generating grammar tables from /usr/lib/python2.7/lib2to3/PatternGrammar.txt
INFO 2017-06-08 19:32:02,799 driver 28396 140383339403008 Generating grammar tables from /usr/lib/python2.7/lib2to3/Grammar.txt
INFO 2017-06-08 19:32:02,829 driver 28396 140383339403008 Generating grammar tables from /usr/lib/python2.7/lib2to3/PatternGrammar.txt
INFO 2017-06-08 19:32:03,164 driver 28399 140583222929152 Generating grammar tables from /usr/lib/python2.7/lib2to3/Grammar.txt
INFO 2017-06-08 19:32:03,193 driver 28399 140583222929152 Generating grammar tables from /usr/lib/python2.7/lib2to3/PatternGrammar.txt
INFO 2017-06-09 14:01:22,374 driver 19681 140179559405312 Generating grammar tables from /usr/lib/python2.7/lib2to3/Grammar.txt
INFO 2017-06-09 14:01:22,424 driver 19681 140179559405312 Generating grammar tables from /usr/lib/python2.7/lib2to3/PatternGrammar.txt
INFO 2017-06-09 14:01:22,870 driver 19688 139840883889920 Generating grammar tables from /usr/lib/python2.7/lib2to3/Grammar.txt
INFO 2017-06-09 14:01:22,899 driver 19688 139840883889920 Generating grammar tables from /usr/lib/python2.7/lib2to3/PatternGrammar.txt
WARNING 2017-06-09 14:19:14,180 csrf 19688 139840602392320 Forbidden (CSRF token missing or incorrect.): /manati_project/manati_ui/analysis_session/-1/publish
WARNING 2017-06-09 14:19:14,180 csrf 19688 139840602392320 Forbidden (CSRF token missing or incorrect.): /manati_project/manati_ui/analysis_session/-1/publish
WARNING 2017-06-09 14:19:19,252 csrf 19688 139840602392320 Forbidden (CSRF token missing or incorrect.): /manati_project/manati_ui/analysis_session/-1/publish
WARNING 2017-06-09 14:19:19,252 csrf 19688 139840602392320 Forbidden (CSRF token missing or incorrect.): /manati_project/manati_ui/analysis_session/-1/publish
INFO 2017-06-09 14:19:44,087 driver 21746 140503191594752 Generating grammar tables from /usr/lib/python2.7/lib2to3/Grammar.txt
INFO 2017-06-09 14:19:44,136 driver 21746 140503191594752 Generating grammar tables from /usr/lib/python2.7/lib2to3/PatternGrammar.txt
INFO 2017-06-09 14:19:44,867 driver 21753 140626673653504 Generating grammar tables from /usr/lib/python2.7/lib2to3/Grammar.txt
INFO 2017-06-09 14:19:44,930 driver 21753 140626673653504 Generating grammar tables from /usr/lib/python2.7/lib2to3/PatternGrammar.txt
